Determining if the function sgemm_ exists failed with the following output:
Change Dir: /home/admin11/test_clustering/build/CMakeFiles/CMakeTmp

Run Build Command(s):/usr/bin/gmake -f Makefile cmTC_9282f/fast && /usr/bin/gmake  -f CMakeFiles/cmTC_9282f.dir/build.make CMakeFiles/cmTC_9282f.dir/build
gmake[1]: Entering directory '/home/admin11/test_clustering/build/CMakeFiles/CMakeTmp'
Building C object CMakeFiles/cmTC_9282f.dir/CheckFunctionExists.c.o
/usr/bin/cc   -DCHECK_FUNCTION_EXISTS=sgemm_ -o CMakeFiles/cmTC_9282f.dir/CheckFunctionExists.c.o -c /usr/share/cmake-3.22/Modules/CheckFunctionExists.c
Linking C executable cmTC_9282f
/usr/bin/cmake -E cmake_link_script CMakeFiles/cmTC_9282f.dir/link.txt --verbose=1
/usr/bin/cc  -DCHECK_FUNCTION_EXISTS=sgemm_ -rdynamic CMakeFiles/cmTC_9282f.dir/CheckFunctionExists.c.o -o cmTC_9282f 
/usr/bin/ld: CMakeFiles/cmTC_9282f.dir/CheckFunctionExists.c.o: in function `main':
CheckFunctionExists.c:(.text+0x14): undefined reference to `sgemm_'
collect2: error: ld returned 1 exit status
gmake[1]: *** [CMakeFiles/cmTC_9282f.dir/build.make:99: cmTC_9282f] Error 1
gmake[1]: Leaving directory '/home/admin11/test_clustering/build/CMakeFiles/CMakeTmp'
gmake: *** [Makefile:127: cmTC_9282f/fast] Error 2



Determining if the function cheev_ exists failed with the following output:
Change Dir: /home/admin11/test_clustering/build/CMakeFiles/CMakeTmp

Run Build Command(s):/usr/bin/gmake -f Makefile cmTC_50e7a/fast && /usr/bin/gmake  -f CMakeFiles/cmTC_50e7a.dir/build.make CMakeFiles/cmTC_50e7a.dir/build
gmake[1]: Entering directory '/home/admin11/test_clustering/build/CMakeFiles/CMakeTmp'
Building C object CMakeFiles/cmTC_50e7a.dir/CheckFunctionExists.c.o
/usr/bin/cc   -DCHECK_FUNCTION_EXISTS=cheev_ -o CMakeFiles/cmTC_50e7a.dir/CheckFunctionExists.c.o -c /usr/share/cmake-3.22/Modules/CheckFunctionExists.c
Linking C executable cmTC_50e7a
/usr/bin/cmake -E cmake_link_script CMakeFiles/cmTC_50e7a.dir/link.txt --verbose=1
/usr/bin/cc  -DCHECK_FUNCTION_EXISTS=cheev_ -rdynamic CMakeFiles/cmTC_50e7a.dir/CheckFunctionExists.c.o -o cmTC_50e7a  /usr/lib/x86_64-linux-gnu/libblas.so -lm -ldl 
/usr/bin/ld: CMakeFiles/cmTC_50e7a.dir/CheckFunctionExists.c.o: in function `main':
CheckFunctionExists.c:(.text+0x14): undefined reference to `cheev_'
collect2: error: ld returned 1 exit status
gmake[1]: *** [CMakeFiles/cmTC_50e7a.dir/build.make:100: cmTC_50e7a] Error 1
gmake[1]: Leaving directory '/home/admin11/test_clustering/build/CMakeFiles/CMakeTmp'
gmake: *** [Makefile:127: cmTC_50e7a/fast] Error 2



Determining if the function cheev_ exists failed with the following output:
Change Dir: /home/admin11/test_clustering/build/CMakeFiles/CMakeTmp

Run Build Command(s):/usr/bin/gmake -f Makefile cmTC_9b302/fast && /usr/bin/gmake  -f CMakeFiles/cmTC_9b302.dir/build.make CMakeFiles/cmTC_9b302.dir/build
gmake[1]: Entering directory '/home/admin11/test_clustering/build/CMakeFiles/CMakeTmp'
Building C object CMakeFiles/cmTC_9b302.dir/CheckFunctionExists.c.o
/usr/bin/cc   -DCHECK_FUNCTION_EXISTS=cheev_ -o CMakeFiles/cmTC_9b302.dir/CheckFunctionExists.c.o -c /usr/share/cmake-3.22/Modules/CheckFunctionExists.c
Linking C executable cmTC_9b302
/usr/bin/cmake -E cmake_link_script CMakeFiles/cmTC_9b302.dir/link.txt --verbose=1
/usr/bin/cc  -DCHECK_FUNCTION_EXISTS=cheev_ -rdynamic CMakeFiles/cmTC_9b302.dir/CheckFunctionExists.c.o -o cmTC_9b302  /usr/lib/x86_64-linux-gnu/liblapack.so /usr/lib/x86_64-linux-gnu/libblas.so -fortranlibs 
cc: error: unrecognized command-line option ‘-fortranlibs’
gmake[1]: *** [CMakeFiles/cmTC_9b302.dir/build.make:101: cmTC_9b302] Error 1
gmake[1]: Leaving directory '/home/admin11/test_clustering/build/CMakeFiles/CMakeTmp'
gmake: *** [Makefile:127: cmTC_9b302/fast] Error 2



